0 info it worked if it ends with ok
1 verbose cli [ 'C:\\Program Files (x86)\\nodejs\\node.exe',
1 verbose cli   'C:\\Program Files (x86)\\nodejs\\node_modules\\npm\\bin\\npm-cli.js',
1 verbose cli   'start' ]
2 info using npm@3.10.10
3 info using node@v6.11.0
4 verbose run-script [ 'prestart', 'start', 'poststart' ]
5 info lifecycle stiftelsen-effekt-backend@0.0.1~prestart: stiftelsen-effekt-backend@0.0.1
6 silly lifecycle stiftelsen-effekt-backend@0.0.1~prestart: no script for prestart, continuing
7 info lifecycle stiftelsen-effekt-backend@0.0.1~start: stiftelsen-effekt-backend@0.0.1
8 verbose lifecycle stiftelsen-effekt-backend@0.0.1~start: unsafe-perm in lifecycle true
9 verbose lifecycle stiftelsen-effekt-backend@0.0.1~start: PATH: C:\Program Files (x86)\nodejs\node_modules\npm\bin\node-gyp-bin;C:\Users\hh\Desktop\effekt\effekt-backend\node_modules\.bin;C:\Users\hh\AppData\Roaming\npm;C:\Program Files (x86)\nodejs\;C:\WINDOWS\system32;C:\WINDOWS;C:\WINDOWS\System32\Wbem;C:\WINDOWS\System32\WindowsPowerShell\v1.0\;C:\Program Files\Microsoft SQL Server\110\Tools\Binn\;C:\Program Files\Microsoft SQL Server\120\Tools\Binn\;C:\Program Files (x86)\nodejs\;C:\Program Files\Microsoft SQL Server\130\Tools\Binn\;C:\Program Files\dotnet\;C:\Program Files\Git\cmd;C:\Program Files (x86)\Microsoft VS Code\bin;C:\Users\hh\AppData\Roaming\npm;%USERPROFILE%\AppData\Local\Microsoft\WindowsApps;
10 verbose lifecycle stiftelsen-effekt-backend@0.0.1~start: CWD: C:\Users\hh\Desktop\effekt\effekt-backend
11 silly lifecycle stiftelsen-effekt-backend@0.0.1~start: Args: [ '/d /s /c', 'node server.js' ]
12 silly lifecycle stiftelsen-effekt-backend@0.0.1~start: Returned: code: 1  signal: null
13 info lifecycle stiftelsen-effekt-backend@0.0.1~start: Failed to exec start script
14 verbose stack Error: stiftelsen-effekt-backend@0.0.1 start: `node server.js`
14 verbose stack Exit status 1
14 verbose stack     at EventEmitter.<anonymous> (C:\Program Files (x86)\nodejs\node_modules\npm\lib\utils\lifecycle.js:255:16)
14 verbose stack     at emitTwo (events.js:106:13)
14 verbose stack     at EventEmitter.emit (events.js:191:7)
14 verbose stack     at ChildProcess.<anonymous> (C:\Program Files (x86)\nodejs\node_modules\npm\lib\utils\spawn.js:40:14)
14 verbose stack     at emitTwo (events.js:106:13)
14 verbose stack     at ChildProcess.emit (events.js:191:7)
14 verbose stack     at maybeClose (internal/child_process.js:891:16)
14 verbose stack     at Process.ChildProcess._handle.onexit (internal/child_process.js:226:5)
15 verbose pkgid stiftelsen-effekt-backend@0.0.1
16 verbose cwd C:\Users\hh\Desktop\effekt\effekt-backend
17 error Windows_NT 10.0.15063
18 error argv "C:\\Program Files (x86)\\nodejs\\node.exe" "C:\\Program Files (x86)\\nodejs\\node_modules\\npm\\bin\\npm-cli.js" "start"
19 error node v6.11.0
20 error npm  v3.10.10
21 error code ELIFECYCLE
22 error stiftelsen-effekt-backend@0.0.1 start: `node server.js`
22 error Exit status 1
23 error Failed at the stiftelsen-effekt-backend@0.0.1 start script 'node server.js'.
23 error Make sure you have the latest version of node.js and npm installed.
23 error If you do, this is most likely a problem with the stiftelsen-effekt-backend package,
23 error not with npm itself.
23 error Tell the author that this fails on your system:
23 error     node server.js
23 error You can get information on how to open an issue for this project with:
23 error     npm bugs stiftelsen-effekt-backend
23 error Or if that isn't available, you can get their info via:
23 error     npm owner ls stiftelsen-effekt-backend
23 error There is likely additional logging output above.
24 verbose exit [ 1, true ]
